TEST
2022-10-03 0:00:15
2022-10-03 0:00:05
2022-10-03 0:00:10
2022-10-03 0:01:14
['2022-10-03 0:00:15', '2022-10-03 0:00:05', '2022-10-03 0:00:10', '2022-10-03 0:01:14']
TESTING SPLITTING ['2022-10-03', '0:00:15']
CURENTDAYTIME ['2022-10-03', '0:00:15']
localhost:27017: [Errno 111] Connection refused, Timeout: 30s, Topology Description: <TopologyDescription id: 633a718025ebc6e1b8860339, topology_type: Unknown, servers: [<ServerDescription ('localhost', 27017) server_type: Unknown, rtt: None, error=AutoReconnect('localhost:27017: [Errno 111] Connection refused')>]>
Error while inserting to DB
TEST
2022-10-03 0:00:15
2022-10-03 0:00:05
2022-10-03 0:00:10
2022-10-03 0:01:14
2022-10-03 0:19:07
2022-10-03 0:04:43
['2022-10-03 0:00:15', '2022-10-03 0:00:05', '2022-10-03 0:00:10', '2022-10-03 0:01:14', '2022-10-03 0:19:07', '2022-10-03 0:04:43']
TESTING SPLITTING ['2022-10-03', '0:00:15']
CURENTDAYTIME ['2022-10-03', '0:00:15']
localhost:27017: [Errno 111] Connection refused, Timeout: 30s, Topology Description: <TopologyDescription id: 633a748712270e56a83af094, topology_type: Unknown, servers: [<ServerDescription ('localhost', 27017) server_type: Unknown, rtt: None, error=AutoReconnect('localhost:27017: [Errno 111] Connection refused')>]>
Error while inserting to DB
TEST
2022-10-03 0:00:15
2022-10-03 0:00:05
2022-10-03 0:00:10
2022-10-03 0:01:14
2022-10-03 0:19:07
2022-10-03 0:04:43
2022-10-03 0:16:02
2022-10-03 0:00:14
2022-10-03 0:00:05
2022-10-03 0:02:21
2022-10-03 0:00:05
['2022-10-03 0:00:15', '2022-10-03 0:00:05', '2022-10-03 0:00:10', '2022-10-03 0:01:14', '2022-10-03 0:19:07', '2022-10-03 0:04:43', '2022-10-03 0:16:02', '2022-10-03 0:00:14', '2022-10-03 0:00:05', '2022-10-03 0:02:21', '2022-10-03 0:00:05']
TESTING SPLITTING ['2022-10-03', '0:00:15']
CURENTDAYTIME ['2022-10-03', '0:00:15']
TESTING SPLITTING ['2022-10-03', '0:00:05']
CURENTDAYTIME ['2022-10-03', '0:00:05']
TESTING SPLITTING ['2022-10-03', '0:00:10']
CURENTDAYTIME ['2022-10-03', '0:00:10']
TESTING SPLITTING ['2022-10-03', '0:01:14']
CURENTDAYTIME ['2022-10-03', '0:01:14']
TESTING SPLITTING ['2022-10-03', '0:19:07']
CURENTDAYTIME ['2022-10-03', '0:19:07']
TESTING SPLITTING ['2022-10-03', '0:04:43']
CURENTDAYTIME ['2022-10-03', '0:04:43']
TESTING SPLITTING ['2022-10-03', '0:16:02']
CURENTDAYTIME ['2022-10-03', '0:16:02']
TESTING SPLITTING ['2022-10-03', '0:00:14']
CURENTDAYTIME ['2022-10-03', '0:00:14']
TESTING SPLITTING ['2022-10-03', '0:00:05']
CURENTDAYTIME ['2022-10-03', '0:00:05']
TESTING SPLITTING ['2022-10-03', '0:02:21']
CURENTDAYTIME ['2022-10-03', '0:02:21']
TESTING SPLITTING ['2022-10-03', '0:00:05']
CURENTDAYTIME ['2022-10-03', '0:00:05']
